c:\users\eric_\onedrive\documents\visual studio 2015\projects\orion\orion-client\orion-client\release\orion-client.pch
c:\users\eric_\onedrive\documents\visual studio 2015\projects\orion\orion-client\orion-client\release\vc140.pdb
c:\users\eric_\onedrive\documents\visual studio 2015\projects\orion\orion-client\orion-client\release\stdafx.obj
c:\users\eric_\onedrive\documents\visual studio 2015\projects\orion\orion-client\orion-client\release\thread.obj
c:\users\eric_\onedrive\documents\visual studio 2015\projects\orion\orion-client\orion-client\release\routine_impl.obj
c:\users\eric_\onedrive\documents\visual studio 2015\projects\orion\orion-client\orion-client\release\routine.obj
c:\users\eric_\onedrive\documents\visual studio 2015\projects\orion\orion-client\orion-client\release\native_utils.obj
c:\users\eric_\onedrive\documents\visual studio 2015\projects\orion\orion-client\orion-client\release\main.obj
c:\users\eric_\onedrive\documents\visual studio 2015\projects\orion\orion-client\orion-client\release\logger.obj
c:\users\eric_\onedrive\documents\visual studio 2015\projects\orion\orion-client\orion-client\release\key_logger.obj
c:\users\eric_\onedrive\documents\visual studio 2015\projects\orion\orion-client\orion-client\release\ircsocket.obj
c:\users\eric_\onedrive\documents\visual studio 2015\projects\orion\orion-client\orion-client\release\irchandler.obj
c:\users\eric_\onedrive\documents\visual studio 2015\projects\orion\orion-client\orion-client\release\ircclient.obj
c:\users\eric_\onedrive\documents\visual studio 2015\projects\orion\orion-client\orion-client\release\email.obj
c:\users\eric_\onedrive\documents\visual studio 2015\projects\orion\orion-client\orion-client\release\command.obj
c:\users\eric_\onedrive\documents\visual studio 2015\projects\orion\orion-client\orion-client\release\cmd_impl.obj
c:\users\eric_\onedrive\documents\visual studio 2015\projects\orion\orion-client\release\orion-client.exe
c:\users\eric_\onedrive\documents\visual studio 2015\projects\orion\orion-client\release\orion-client.ipdb
c:\users\eric_\onedrive\documents\visual studio 2015\projects\orion\orion-client\release\orion-client.iobj
c:\users\eric_\onedrive\documents\visual studio 2015\projects\orion\orion-client\release\orion-client.pdb
c:\users\eric_\onedrive\documents\visual studio 2015\projects\orion\orion-client\orion-client\release\orion-client.tlog\cl.command.1.tlog
c:\users\eric_\onedrive\documents\visual studio 2015\projects\orion\orion-client\orion-client\release\orion-client.tlog\cl.read.1.tlog
c:\users\eric_\onedrive\documents\visual studio 2015\projects\orion\orion-client\orion-client\release\orion-client.tlog\cl.write.1.tlog
c:\users\eric_\onedrive\documents\visual studio 2015\projects\orion\orion-client\orion-client\release\orion-client.tlog\link.command.1.tlog
c:\users\eric_\onedrive\documents\visual studio 2015\projects\orion\orion-client\orion-client\release\orion-client.tlog\link.read.1.tlog
c:\users\eric_\onedrive\documents\visual studio 2015\projects\orion\orion-client\orion-client\release\orion-client.tlog\link.write.1.tlog
