d:\project_bands\projectx-dropper\projectx-dropper\x64\release\vc140.pdb
d:\project_bands\projectx-dropper\projectx-dropper\x64\release\stdafx.nativecodeanalysis.xml
d:\project_bands\projectx-dropper\projectx-dropper\x64\release\dropper.nativecodeanalysis.xml
d:\project_bands\projectx-dropper\projectx-dropper\x64\release\main.nativecodeanalysis.xml
d:\project_bands\projectx-dropper\projectx-dropper\x64\release\main.obj
d:\project_bands\projectx-dropper\projectx-dropper\x64\release\dropper.obj
d:\project_bands\projectx-dropper\projectx-dropper\x64\release\stdafx.obj
d:\project_bands\projectx-dropper\x64\release\projectx-dropper.exe
d:\project_bands\projectx-dropper\x64\release\projectx-dropper.ipdb
d:\project_bands\projectx-dropper\x64\release\projectx-dropper.iobj
d:\project_bands\projectx-dropper\x64\release\projectx-dropper.pdb
d:\project_bands\projectx-dropper\projectx-dropper\x64\release\vcpkg.applocal.log
d:\project_bands\projectx-dropper\projectx-dropper\x64\release\nativecodeanalysis.read.1.tlog
d:\project_bands\projectx-dropper\projectx-dropper\x64\release\vc.nativecodeanalysis.all.xml
d:\project_bands\projectx-dropper\x64\release\projectx-dropper.exe.lastcodeanalysissucceeded
d:\project_bands\projectx-dropper\projectx-dropper\x64\release\projectx-dropper.tlog\cl.command.1.tlog
d:\project_bands\projectx-dropper\projectx-dropper\x64\release\projectx-dropper.tlog\cl.read.1.tlog
d:\project_bands\projectx-dropper\projectx-dropper\x64\release\projectx-dropper.tlog\cl.write.1.tlog
d:\project_bands\projectx-dropper\projectx-dropper\x64\release\projectx-dropper.tlog\link.command.1.tlog
d:\project_bands\projectx-dropper\projectx-dropper\x64\release\projectx-dropper.tlog\link.read.1.tlog
d:\project_bands\projectx-dropper\projectx-dropper\x64\release\projectx-dropper.tlog\link.write.1.tlog
d:\project_bands\projectx-dropper\projectx-dropper\x64\release\projectx-dropper.tlog\projectx-dropper.write.1u.tlog
