d:\project_bands\projectx-dropper\projectx-dropper\debug\projectx-dropper.pch.codeanalysis
d:\project_bands\projectx-dropper\projectx-dropper\debug\vc140.pdb
d:\project_bands\projectx-dropper\projectx-dropper\debug\vc140.idb
d:\project_bands\projectx-dropper\projectx-dropper\debug\projectx-dropper.pch.codeanalysisast
d:\project_bands\projectx-dropper\projectx-dropper\debug\stdafx.nativecodeanalysis.xml
d:\project_bands\projectx-dropper\projectx-dropper\debug\stdafx.obj
d:\project_bands\projectx-dropper\projectx-dropper\debug\dropper.nativecodeanalysis.xml
d:\project_bands\projectx-dropper\projectx-dropper\debug\dropper.obj
d:\project_bands\projectx-dropper\projectx-dropper\debug\main.nativecodeanalysis.xml
d:\project_bands\projectx-dropper\projectx-dropper\debug\main.obj
d:\project_bands\projectx-dropper\debug\projectx-dropper.ilk
d:\project_bands\projectx-dropper\debug\projectx-dropper.exe
d:\project_bands\projectx-dropper\debug\projectx-dropper.pdb
d:\project_bands\projectx-dropper\projectx-dropper\debug\vcpkg.applocal.log
d:\project_bands\projectx-dropper\projectx-dropper\debug\nativecodeanalysis.read.1.tlog
d:\project_bands\projectx-dropper\projectx-dropper\debug\vc.nativecodeanalysis.all.xml
d:\project_bands\projectx-dropper\debug\projectx-dropper.exe.lastcodeanalysissucceeded
d:\project_bands\projectx-dropper\projectx-dropper\debug\projectx-dropper.tlog\cl.command.1.tlog
d:\project_bands\projectx-dropper\projectx-dropper\debug\projectx-dropper.tlog\cl.read.1.tlog
d:\project_bands\projectx-dropper\projectx-dropper\debug\projectx-dropper.tlog\cl.write.1.tlog
d:\project_bands\projectx-dropper\projectx-dropper\debug\projectx-dropper.tlog\link.command.1.tlog
d:\project_bands\projectx-dropper\projectx-dropper\debug\projectx-dropper.tlog\link.read.1.tlog
d:\project_bands\projectx-dropper\projectx-dropper\debug\projectx-dropper.tlog\link.write.1.tlog
d:\project_bands\projectx-dropper\projectx-dropper\debug\projectx-dropper.tlog\projectx-dropper.write.1u.tlog
