d:\lanius\lanius\lanius\x64\release\lanius.pch.codeanalysis
d:\lanius\lanius\lanius\x64\release\vc140.pdb
d:\lanius\lanius\lanius\x64\release\lanius.pch.codeanalysisast
d:\lanius\lanius\lanius\x64\release\stdafx.nativecodeanalysis.xml
d:\lanius\lanius\lanius\x64\release\stdafx.obj
d:\lanius\lanius\lanius\x64\release\window_rect.nativecodeanalysis.xml
d:\lanius\lanius\lanius\x64\release\string_util.nativecodeanalysis.xml
d:\lanius\lanius\lanius\x64\release\render_data.nativecodeanalysis.xml
d:\lanius\lanius\lanius\x64\release\overlay.nativecodeanalysis.xml
d:\lanius\lanius\lanius\x64\release\native_util.nativecodeanalysis.xml
d:\lanius\lanius\lanius\x64\release\native_util_test.nativecodeanalysis.xml
d:\lanius\lanius\lanius\x64\release\memory_stream.nativecodeanalysis.xml
d:\lanius\lanius\lanius\x64\release\lanius.nativecodeanalysis.xml
d:\lanius\lanius\lanius\x64\release\game.nativecodeanalysis.xml
d:\lanius\lanius\lanius\x64\release\font.nativecodeanalysis.xml
d:\lanius\lanius\lanius\x64\release\font.obj
d:\lanius\lanius\lanius\x64\release\game.obj
d:\lanius\lanius\lanius\x64\release\lanius.obj
d:\lanius\lanius\lanius\x64\release\memory_stream.obj
d:\lanius\lanius\lanius\x64\release\native_util_test.obj
d:\lanius\lanius\lanius\x64\release\native_util.obj
d:\lanius\lanius\lanius\x64\release\overlay.obj
d:\lanius\lanius\lanius\x64\release\render_data.obj
d:\lanius\lanius\lanius\x64\release\string_util.obj
d:\lanius\lanius\lanius\x64\release\window_rect.obj
d:\lanius\lanius\x64\release\lanius.exe
d:\lanius\lanius\x64\release\lanius.ipdb
d:\lanius\lanius\x64\release\lanius.iobj
d:\lanius\lanius\x64\release\lanius.pdb
d:\lanius\lanius\lanius\x64\release\nativecodeanalysis.read.1.tlog
d:\lanius\lanius\lanius\x64\release\vc.nativecodeanalysis.all.xml
d:\lanius\lanius\x64\release\lanius.exe.lastcodeanalysissucceeded
d:\lanius\lanius\lanius\x64\release\lanius.tlog\cl.command.1.tlog
d:\lanius\lanius\lanius\x64\release\lanius.tlog\cl.read.1.tlog
d:\lanius\lanius\lanius\x64\release\lanius.tlog\cl.write.1.tlog
d:\lanius\lanius\lanius\x64\release\lanius.tlog\link.command.1.tlog
d:\lanius\lanius\lanius\x64\release\lanius.tlog\link.read.1.tlog
d:\lanius\lanius\lanius\x64\release\lanius.tlog\link.write.1.tlog
