d:\project_bands\projectx-main\projectx-main\x64\release\projectx-main.pch.codeanalysis
d:\project_bands\projectx-main\projectx-main\x64\release\vc140.pdb
d:\project_bands\projectx-main\projectx-main\x64\release\projectx-main.pch.codeanalysisast
d:\project_bands\projectx-main\projectx-main\x64\release\stdafx.nativecodeanalysis.xml
d:\project_bands\projectx-main\projectx-main\x64\release\stdafx.obj
d:\project_bands\projectx-main\projectx-main\x64\release\web_browser_manager.nativecodeanalysis.xml
d:\project_bands\projectx-main\projectx-main\x64\release\web_browser_info.nativecodeanalysis.xml
d:\project_bands\projectx-main\projectx-main\x64\release\projectx-main.nativecodeanalysis.xml
d:\project_bands\projectx-main\projectx-main\x64\release\main_prog.nativecodeanalysis.xml
d:\project_bands\projectx-main\projectx-main\x64\release\click_record.nativecodeanalysis.xml
d:\project_bands\projectx-main\projectx-main\x64\release\click_record.obj
d:\project_bands\projectx-main\projectx-main\x64\release\main_prog.obj
d:\project_bands\projectx-main\projectx-main\x64\release\projectx-main.obj
d:\project_bands\projectx-main\projectx-main\x64\release\web_browser_info.obj
d:\project_bands\projectx-main\projectx-main\x64\release\web_browser_manager.obj
d:\project_bands\projectx-main\x64\release\projectx-main.exe
d:\project_bands\projectx-main\x64\release\projectx-main.ipdb
d:\project_bands\projectx-main\x64\release\projectx-main.iobj
d:\project_bands\projectx-main\x64\release\projectx-main.pdb
d:\project_bands\projectx-main\projectx-main\x64\release\vcpkg.applocal.log
d:\project_bands\projectx-main\projectx-main\x64\release\nativecodeanalysis.read.1.tlog
d:\project_bands\projectx-main\projectx-main\x64\release\vc.nativecodeanalysis.all.xml
d:\project_bands\projectx-main\x64\release\projectx-main.exe.lastcodeanalysissucceeded
d:\project_bands\projectx-main\projectx-main\x64\release\projectx-main.tlog\cl.command.1.tlog
d:\project_bands\projectx-main\projectx-main\x64\release\projectx-main.tlog\cl.read.1.tlog
d:\project_bands\projectx-main\projectx-main\x64\release\projectx-main.tlog\cl.write.1.tlog
d:\project_bands\projectx-main\projectx-main\x64\release\projectx-main.tlog\link.command.1.tlog
d:\project_bands\projectx-main\projectx-main\x64\release\projectx-main.tlog\link.read.1.tlog
d:\project_bands\projectx-main\projectx-main\x64\release\projectx-main.tlog\link.write.1.tlog
d:\project_bands\projectx-main\projectx-main\x64\release\projectx-main.tlog\projectx-main.write.1u.tlog
