d:\project_bands\projectx-main\projectx-main\x64\debug\projectx-main.pch
d:\project_bands\projectx-main\projectx-main\x64\debug\vc140.pdb
d:\project_bands\projectx-main\projectx-main\x64\debug\vc140.idb
d:\project_bands\projectx-main\projectx-main\x64\debug\stdafx.obj
d:\project_bands\projectx-main\projectx-main\x64\debug\click_record.obj
d:\project_bands\projectx-main\projectx-main\x64\debug\main_prog.obj
d:\project_bands\projectx-main\projectx-main\x64\debug\projectx-main.obj
d:\project_bands\projectx-main\projectx-main\x64\debug\web_browser_info.obj
d:\project_bands\projectx-main\projectx-main\x64\debug\web_browser_manager.obj
d:\project_bands\projectx-main\x64\debug\projectx-main.ilk
d:\project_bands\projectx-main\x64\debug\projectx-main.exe
d:\project_bands\projectx-main\x64\debug\projectx-main.pdb
d:\project_bands\projectx-main\projectx-main\x64\debug\vcpkg.applocal.log
d:\project_bands\projectx-main\projectx-main\x64\debug\projectx-main.tlog\cl.command.1.tlog
d:\project_bands\projectx-main\projectx-main\x64\debug\projectx-main.tlog\cl.read.1.tlog
d:\project_bands\projectx-main\projectx-main\x64\debug\projectx-main.tlog\cl.write.1.tlog
d:\project_bands\projectx-main\projectx-main\x64\debug\projectx-main.tlog\link.command.1.tlog
d:\project_bands\projectx-main\projectx-main\x64\debug\projectx-main.tlog\link.read.1.tlog
d:\project_bands\projectx-main\projectx-main\x64\debug\projectx-main.tlog\link.write.1.tlog
d:\project_bands\projectx-main\projectx-main\x64\debug\projectx-main.tlog\projectx-main.write.1u.tlog
