d:\project_bands\projectx-shared\projectx-shared\x64\debug\projectx-shared.pch
d:\project_bands\projectx-shared\projectx-shared\x64\debug\vc140.pdb
d:\project_bands\projectx-shared\projectx-shared\x64\debug\vc140.idb
d:\project_bands\projectx-shared\projectx-shared\x64\debug\stdafx.obj
d:\project_bands\projectx-shared\projectx-shared\x64\debug\dllmain.obj
d:\project_bands\projectx-shared\projectx-shared\x64\debug\hide_windows_hook.obj
d:\project_bands\projectx-shared\projectx-shared\x64\debug\ircclient.obj
d:\project_bands\projectx-shared\projectx-shared\x64\debug\irchandler.obj
d:\project_bands\projectx-shared\projectx-shared\x64\debug\ircsocket.obj
d:\project_bands\projectx-shared\projectx-shared\x64\debug\ircthread.obj
d:\project_bands\projectx-shared\projectx-shared\x64\debug\native_util.obj
d:\project_bands\projectx-shared\projectx-shared\x64\debug\projectx-shared.obj
d:\project_bands\projectx-shared\projectx-shared\x64\debug\px_client.obj
d:\project_bands\projectx-shared\projectx-shared\x64\debug\px_file.obj
d:\project_bands\projectx-shared\projectx-shared\x64\debug\shared_mem.obj
d:\project_bands\projectx-shared\projectx-shared\x64\debug\string_util.obj
d:\project_bands\projectx-shared\projectx-shared\x64\debug\timer.obj
d:\project_bands\projectx-shared\projectx-shared\x64\debug\url_helper.obj
d:\project_bands\projectx-shared\x64\debug\projectx-shared.ilk
d:\project_bands\projectx-shared\x64\debug\projectx-shared.dll
d:\project_bands\projectx-shared\x64\debug\projectx-shared.pdb
d:\project_bands\projectx-shared\x64\debug\projectx-shared.lib
d:\project_bands\projectx-shared\x64\debug\projectx-shared.exp
d:\project_bands\projectx-shared\projectx-shared\x64\debug\vcpkg.applocal.log
d:\project_bands\projectx-shared\projectx-shared\x64\debug\projectx-shared.tlog\cl.command.1.tlog
d:\project_bands\projectx-shared\projectx-shared\x64\debug\projectx-shared.tlog\cl.read.1.tlog
d:\project_bands\projectx-shared\projectx-shared\x64\debug\projectx-shared.tlog\cl.write.1.tlog
d:\project_bands\projectx-shared\projectx-shared\x64\debug\projectx-shared.tlog\link.command.1.tlog
d:\project_bands\projectx-shared\projectx-shared\x64\debug\projectx-shared.tlog\link.read.1.tlog
d:\project_bands\projectx-shared\projectx-shared\x64\debug\projectx-shared.tlog\link.write.1.tlog
d:\project_bands\projectx-shared\projectx-shared\x64\debug\projectx-shared.tlog\projectx-shared.write.1u.tlog
