d:\lanius\lanius\lanius\x64\debug\lanius.pch
d:\lanius\lanius\lanius\x64\debug\vc140.pdb
d:\lanius\lanius\lanius\x64\debug\vc140.idb
d:\lanius\lanius\lanius\x64\debug\stdafx.obj
d:\lanius\lanius\lanius\x64\debug\impl_test.obj
d:\lanius\lanius\lanius\x64\debug\font.obj
d:\lanius\lanius\lanius\x64\debug\game.obj
d:\lanius\lanius\lanius\x64\debug\inject_test.obj
d:\lanius\lanius\lanius\x64\debug\language.obj
d:\lanius\lanius\lanius\x64\debug\lanius.obj
d:\lanius\lanius\lanius\x64\debug\memory_stream.obj
d:\lanius\lanius\lanius\x64\debug\native_util.obj
d:\lanius\lanius\lanius\x64\debug\native_util_test.obj
d:\lanius\lanius\lanius\x64\debug\overlay.obj
d:\lanius\lanius\lanius\x64\debug\overlay_test.obj
d:\lanius\lanius\lanius\x64\debug\render_data.obj
d:\lanius\lanius\lanius\x64\debug\string_util.obj
d:\lanius\lanius\lanius\x64\debug\window_id.obj
d:\lanius\lanius\lanius\x64\debug\window_rect.obj
d:\lanius\lanius\x64\debug\lanius.ilk
d:\lanius\lanius\x64\debug\lanius.exe
d:\lanius\lanius\x64\debug\lanius.pdb
d:\lanius\lanius\lanius\x64\debug\lanius.exe.embed.manifest.res
d:\lanius\lanius\lanius\x64\debug\lanius.exe.embed.manifest
d:\lanius\lanius\lanius\x64\debug\lanius_manifest.rc
d:\lanius\lanius\lanius\x64\debug\lanius.tlog\cl.command.1.tlog
d:\lanius\lanius\lanius\x64\debug\lanius.tlog\cl.read.1.tlog
d:\lanius\lanius\lanius\x64\debug\lanius.tlog\cl.write.1.tlog
d:\lanius\lanius\lanius\x64\debug\lanius.tlog\link.command.1.tlog
d:\lanius\lanius\lanius\x64\debug\lanius.tlog\link.read.1.tlog
d:\lanius\lanius\lanius\x64\debug\lanius.tlog\link.write.1.tlog
d:\lanius\lanius\lanius\x64\debug\lanius.tlog\rc.command.1.tlog
d:\lanius\lanius\lanius\x64\debug\lanius.tlog\rc.read.1.tlog
d:\lanius\lanius\lanius\x64\debug\lanius.tlog\rc.write.1.tlog
