d:\lanius\lanius-driver\lanius-driver\x64\release\vc140.pdb
d:\lanius\lanius-driver\lanius-driver\x64\release\driver.obj
d:\lanius\lanius-driver\x64\release\lanius-driver\lanius-driver.cat
d:\lanius\lanius-driver\x64\release\lanius-driver.sys
d:\lanius\lanius-driver\x64\release\lanius-driver.pdb
d:\lanius\lanius-driver\lanius-driver\x64\release\lanius-driver.inf
d:\lanius\lanius-driver\x64\release\lanius-driver.cer
d:\lanius\lanius-driver\x64\release\lanius-driver.inf
d:\lanius\lanius-driver\lanius-driver\x64\release\lanius-driver.tlog\cl.command.1.tlog
d:\lanius\lanius-driver\lanius-driver\x64\release\lanius-driver.tlog\cl.read.1.tlog
d:\lanius\lanius-driver\lanius-driver\x64\release\lanius-driver.tlog\cl.write.1.tlog
d:\lanius\lanius-driver\lanius-driver\x64\release\lanius-driver.tlog\inf2cat-expand.10664.read.1.tlog
d:\lanius\lanius-driver\lanius-driver\x64\release\lanius-driver.tlog\inf2cat-expand.10664.write.1.tlog
d:\lanius\lanius-driver\lanius-driver\x64\release\lanius-driver.tlog\inf2cat-expand.read.1.tlog
d:\lanius\lanius-driver\lanius-driver\x64\release\lanius-driver.tlog\inf2cat-expand.write.1.tlog
d:\lanius\lanius-driver\lanius-driver\x64\release\lanius-driver.tlog\inf2cat.command.1.tlog
d:\lanius\lanius-driver\lanius-driver\x64\release\lanius-driver.tlog\inf2cat.read.1.tlog
d:\lanius\lanius-driver\lanius-driver\x64\release\lanius-driver.tlog\inf2cat.write.1.tlog
d:\lanius\lanius-driver\lanius-driver\x64\release\lanius-driver.tlog\link.command.1.tlog
d:\lanius\lanius-driver\lanius-driver\x64\release\lanius-driver.tlog\link.read.1.tlog
d:\lanius\lanius-driver\lanius-driver\x64\release\lanius-driver.tlog\link.write.1.tlog
d:\lanius\lanius-driver\lanius-driver\x64\release\lanius-driver.tlog\signtool.command.1.tlog
d:\lanius\lanius-driver\lanius-driver\x64\release\lanius-driver.tlog\signtool.read.1.tlog
d:\lanius\lanius-driver\lanius-driver\x64\release\lanius-driver.tlog\signtool.timestamp.1.tlog
d:\lanius\lanius-driver\lanius-driver\x64\release\lanius-driver.tlog\signtool.write.1.tlog
d:\lanius\lanius-driver\lanius-driver\x64\release\lanius-driver.tlog\stampinf.command.1.tlog
d:\lanius\lanius-driver\lanius-driver\x64\release\lanius-driver.tlog\stampinf.read.1.tlog
d:\lanius\lanius-driver\lanius-driver\x64\release\lanius-driver.tlog\stampinf.write.1.tlog
