c:\users\eric_\onedrive\documents\visual studio 2015\projects\orion\orion-client\orion-client\debug\orion-client.pch
c:\users\eric_\onedrive\documents\visual studio 2015\projects\orion\orion-client\orion-client\debug\vc140.pdb
c:\users\eric_\onedrive\documents\visual studio 2015\projects\orion\orion-client\orion-client\debug\vc140.idb
c:\users\eric_\onedrive\documents\visual studio 2015\projects\orion\orion-client\orion-client\debug\stdafx.obj
c:\users\eric_\onedrive\documents\visual studio 2015\projects\orion\orion-client\orion-client\debug\cmd_impl.obj
c:\users\eric_\onedrive\documents\visual studio 2015\projects\orion\orion-client\orion-client\debug\command.obj
c:\users\eric_\onedrive\documents\visual studio 2015\projects\orion\orion-client\orion-client\debug\email.obj
c:\users\eric_\onedrive\documents\visual studio 2015\projects\orion\orion-client\orion-client\debug\ircclient.obj
c:\users\eric_\onedrive\documents\visual studio 2015\projects\orion\orion-client\orion-client\debug\irchandler.obj
c:\users\eric_\onedrive\documents\visual studio 2015\projects\orion\orion-client\orion-client\debug\ircsocket.obj
c:\users\eric_\onedrive\documents\visual studio 2015\projects\orion\orion-client\orion-client\debug\key_logger.obj
c:\users\eric_\onedrive\documents\visual studio 2015\projects\orion\orion-client\orion-client\debug\logger.obj
c:\users\eric_\onedrive\documents\visual studio 2015\projects\orion\orion-client\orion-client\debug\main.obj
c:\users\eric_\onedrive\documents\visual studio 2015\projects\orion\orion-client\orion-client\debug\native_utils.obj
c:\users\eric_\onedrive\documents\visual studio 2015\projects\orion\orion-client\orion-client\debug\routine.obj
c:\users\eric_\onedrive\documents\visual studio 2015\projects\orion\orion-client\orion-client\debug\routine_impl.obj
c:\users\eric_\onedrive\documents\visual studio 2015\projects\orion\orion-client\orion-client\debug\thread.obj
c:\users\eric_\onedrive\documents\visual studio 2015\projects\orion\orion-client\debug\orion-client.ilk
c:\users\eric_\onedrive\documents\visual studio 2015\projects\orion\orion-client\debug\orion-client.exe
c:\users\eric_\onedrive\documents\visual studio 2015\projects\orion\orion-client\debug\orion-client.pdb
c:\users\eric_\onedrive\documents\visual studio 2015\projects\orion\orion-client\orion-client\debug\orion-client.tlog\cl.command.1.tlog
c:\users\eric_\onedrive\documents\visual studio 2015\projects\orion\orion-client\orion-client\debug\orion-client.tlog\cl.read.1.tlog
c:\users\eric_\onedrive\documents\visual studio 2015\projects\orion\orion-client\orion-client\debug\orion-client.tlog\cl.write.1.tlog
c:\users\eric_\onedrive\documents\visual studio 2015\projects\orion\orion-client\orion-client\debug\orion-client.tlog\link.command.1.tlog
c:\users\eric_\onedrive\documents\visual studio 2015\projects\orion\orion-client\orion-client\debug\orion-client.tlog\link.read.1.tlog
c:\users\eric_\onedrive\documents\visual studio 2015\projects\orion\orion-client\orion-client\debug\orion-client.tlog\link.write.1.tlog
