d:\project_bands\projectx-main\projectx-main\debug\projectx-main.pch.codeanalysis
d:\project_bands\projectx-main\projectx-main\debug\vc140.pdb
d:\project_bands\projectx-main\projectx-main\debug\vc140.idb
d:\project_bands\projectx-main\projectx-main\debug\projectx-main.pch.codeanalysisast
d:\project_bands\projectx-main\projectx-main\debug\stdafx.nativecodeanalysis.xml
d:\project_bands\projectx-main\projectx-main\debug\stdafx.obj
d:\project_bands\projectx-main\projectx-main\debug\app_volume_ctrl.nativecodeanalysis.xml
d:\project_bands\projectx-main\projectx-main\debug\audio_session_data.nativecodeanalysis.xml
d:\project_bands\projectx-main\projectx-main\debug\click_record.nativecodeanalysis.xml
d:\project_bands\projectx-main\projectx-main\debug\main_prog.nativecodeanalysis.xml
d:\project_bands\projectx-main\projectx-main\debug\projectx-main.nativecodeanalysis.xml
d:\project_bands\projectx-main\projectx-main\debug\screenshot_helper.nativecodeanalysis.xml
d:\project_bands\projectx-main\projectx-main\debug\web_browser_info.nativecodeanalysis.xml
d:\project_bands\projectx-main\projectx-main\debug\web_browser_manager.nativecodeanalysis.xml
d:\project_bands\projectx-main\projectx-main\debug\web_browser_manager.obj
d:\project_bands\projectx-main\projectx-main\debug\web_browser_info.obj
d:\project_bands\projectx-main\projectx-main\debug\screenshot_helper.obj
d:\project_bands\projectx-main\projectx-main\debug\projectx-main.obj
d:\project_bands\projectx-main\projectx-main\debug\main_prog.obj
d:\project_bands\projectx-main\projectx-main\debug\click_record.obj
d:\project_bands\projectx-main\projectx-main\debug\audio_session_data.obj
d:\project_bands\projectx-main\projectx-main\debug\app_volume_ctrl.obj
d:\project_bands\projectx-main\debug\projectx-main.ilk
d:\project_bands\projectx-main\debug\projectx-main.exe
d:\project_bands\projectx-main\debug\projectx-main.pdb
d:\project_bands\projectx-main\projectx-main\debug\vcpkg.applocal.log
d:\project_bands\projectx-main\projectx-main\debug\nativecodeanalysis.read.1.tlog
d:\project_bands\projectx-main\projectx-main\debug\vc.nativecodeanalysis.all.xml
d:\project_bands\projectx-main\debug\projectx-main.exe.lastcodeanalysissucceeded
d:\project_bands\projectx-main\projectx-main\debug\projectx-main.tlog\cl.command.1.tlog
d:\project_bands\projectx-main\projectx-main\debug\projectx-main.tlog\cl.read.1.tlog
d:\project_bands\projectx-main\projectx-main\debug\projectx-main.tlog\cl.write.1.tlog
d:\project_bands\projectx-main\projectx-main\debug\projectx-main.tlog\link.command.1.tlog
d:\project_bands\projectx-main\projectx-main\debug\projectx-main.tlog\link.read.1.tlog
d:\project_bands\projectx-main\projectx-main\debug\projectx-main.tlog\link.write.1.tlog
d:\project_bands\projectx-main\projectx-main\debug\projectx-main.tlog\projectx-main.write.1u.tlog
