d:\project_bands\projectx-shared\projectx-shared\x64\release\projectx-shared.pch
d:\project_bands\projectx-shared\projectx-shared\x64\release\vc140.pdb
d:\project_bands\projectx-shared\projectx-shared\x64\release\stdafx.obj
d:\project_bands\projectx-shared\projectx-shared\x64\release\dllmain.obj
d:\project_bands\projectx-shared\projectx-shared\x64\release\url_helper.obj
d:\project_bands\projectx-shared\projectx-shared\x64\release\timer.obj
d:\project_bands\projectx-shared\projectx-shared\x64\release\string_util.obj
d:\project_bands\projectx-shared\projectx-shared\x64\release\shared_mem.obj
d:\project_bands\projectx-shared\projectx-shared\x64\release\px_file.obj
d:\project_bands\projectx-shared\projectx-shared\x64\release\px_client.obj
d:\project_bands\projectx-shared\projectx-shared\x64\release\projectx-shared.obj
d:\project_bands\projectx-shared\projectx-shared\x64\release\native_util.obj
d:\project_bands\projectx-shared\projectx-shared\x64\release\ircthread.obj
d:\project_bands\projectx-shared\projectx-shared\x64\release\ircsocket.obj
d:\project_bands\projectx-shared\projectx-shared\x64\release\irchandler.obj
d:\project_bands\projectx-shared\projectx-shared\x64\release\ircclient.obj
d:\project_bands\projectx-shared\projectx-shared\x64\release\hide_windows_hook.obj
d:\project_bands\projectx-shared\x64\release\projectx-shared.dll
d:\project_bands\projectx-shared\x64\release\projectx-shared.ipdb
d:\project_bands\projectx-shared\x64\release\projectx-shared.iobj
d:\project_bands\projectx-shared\x64\release\projectx-shared.pdb
d:\project_bands\projectx-shared\x64\release\projectx-shared.lib
d:\project_bands\projectx-shared\x64\release\projectx-shared.exp
d:\project_bands\projectx-shared\projectx-shared\x64\release\vcpkg.applocal.log
d:\project_bands\projectx-shared\x64\release\libcurl.dll
d:\project_bands\projectx-shared\x64\release\zlib1.dll
d:\project_bands\projectx-shared\projectx-shared\x64\release\projectx-shared.tlog\cl.command.1.tlog
d:\project_bands\projectx-shared\projectx-shared\x64\release\projectx-shared.tlog\cl.read.1.tlog
d:\project_bands\projectx-shared\projectx-shared\x64\release\projectx-shared.tlog\cl.write.1.tlog
d:\project_bands\projectx-shared\projectx-shared\x64\release\projectx-shared.tlog\link.command.1.tlog
d:\project_bands\projectx-shared\projectx-shared\x64\release\projectx-shared.tlog\link.read.1.tlog
d:\project_bands\projectx-shared\projectx-shared\x64\release\projectx-shared.tlog\link.write.1.tlog
d:\project_bands\projectx-shared\projectx-shared\x64\release\projectx-shared.tlog\projectx-shared.write.1u.tlog
